Log file open, 12/15/17 18:27:23
LogWindows: Failed to load 'aqProf.dll' (GetLastError=126)
LogWindows: File 'aqProf.dll' does not exist
LogWindows: Failed to load 'VSPerf140.dll' (GetLastError=126)
LogWindows: File 'VSPerf140.dll' does not exist
LogWindows: Failed to load 'VtuneApi.dll' (GetLastError=126)
LogWindows: File 'VtuneApi.dll' does not exist
LogWindows: Failed to load 'VtuneApi32e.dll' (GetLastError=126)
LogWindows: File 'VtuneApi32e.dll' does not exist
LogPlatformFile: Not using cached read wrapper
LogInit: Display: RandInit(998869795) SRandInit(998869795).
LogTaskGraph: Started task graph with 5 named threads and 8 total threads with 3 sets of task threads.
LogStats: Stats thread started at 1.185208
LogD3D11RHI: Aftermath initialized
LogPluginManager: Mounting plugin ConfigBPPlugin
LogPluginManager: Mounting plugin GameAnalytics
LogPluginManager: Mounting plugin HorizonUIPlugin
LogPluginManager: Mounting plugin Paper2D
LogPluginManager: Mounting plugin HorizonTweenPlugin
LogPluginManager: Mounting plugin LowEntryHttpRequest
LogPluginManager: Mounting plugin LowEntryExtStdLib
LogPluginManager: Mounting plugin LowEntryJson
LogPluginManager: Mounting plugin SCUE4
LogPluginManager: Mounting plugin LightPropagationVolume
LogPluginManager: Mounting plugin FacialAnimation
LogPluginManager: Mounting plugin CharacterAI
LogPluginManager: Mounting plugin HTML5Networking
LogPluginManager: Mounting plugin AvfMedia
LogPluginManager: Mounting plugin ImgMedia
LogPluginManager: Mounting plugin MediaCompositing
LogPluginManager: Mounting plugin WmfMedia
LogPluginManager: Mounting plugin TcpMessaging
LogPluginManager: Mounting plugin UdpMessaging
LogPluginManager: Mounting plugin ActorSequence
LogPluginManager: Mounting plugin OnlineSubsystem
LogPluginManager: Mounting plugin OnlineSubsystemNull
LogPluginManager: Mounting plugin OnlineSubsystemUtils
LogPluginManager: Mounting plugin AndroidPermission
LogPluginManager: Mounting plugin AppleARKit
LogPluginManager: Mounting plugin ArchVisCharacter
LogPluginManager: Mounting plugin CableComponent
LogPluginManager: Mounting plugin CustomMeshComponent
LogPluginManager: Mounting plugin ExampleDeviceProfileSelector
LogPluginManager: Mounting plugin ImmediatePhysics
LogPluginManager: Mounting plugin LocationServicesBPLibrary
LogPluginManager: Mounting plugin MobilePatchingUtils
LogPluginManager: Mounting plugin OculusVR
LogPluginManager: Mounting plugin PhysXVehicles
LogPluginManager: Mounting plugin ProceduralMeshComponent
LogPluginManager: Mounting plugin RuntimePhysXCooking
LogPluginManager: Mounting plugin SteamVR
LogPluginManager: Mounting plugin WindowsMoviePlayer
LogInit: Using libcurl 7.47.1
LogInit:  - built for x86_64-pc-win32
LogInit:  - supports SSL with OpenSSL/1.0.2g
LogInit:  - supports HTTP deflate (compression) using libz 1.2.8
LogInit:  - other features:
LogInit:      CURL_VERSION_SSL
LogInit:      CURL_VERSION_LIBZ
LogInit:      CURL_VERSION_IPV6
LogInit:      CURL_VERSION_ASYNCHDNS
LogInit:      CURL_VERSION_LARGEFILE
LogInit:      CURL_VERSION_IDN
LogInit:  CurlRequestOptions (configurable via config and command line):
LogInit:  - bVerifyPeer = false  - Libcurl will NOT verify peer certificate
LogInit:  - bUseHttpProxy = false  - Libcurl will NOT use HTTP proxy
LogInit:  - bDontReuseConnections = false  - Libcurl will reuse connections
LogInit:  - CertBundlePath = nullptr  - Libcurl will use whatever was configured at build time.
LogInit: Build: ++UE4+Release-4.18-CL-3794801
LogInit: Engine Version: 4.18.2-3794801+++UE4+Release-4.18
LogInit: Compatible Engine Version: 4.18.0-3709383+++UE4+Release-4.18
LogInit: Net CL: 3709383
LogDevObjectVersion: Number of dev versions registered: 16
LogDevObjectVersion:   Dev-Blueprints (B0D832E4-1F89-4F0D-ACCF-7EB736FD4AA2): 10
LogDevObjectVersion:   Dev-Build (E1C64328-A22C-4D53-A36C-8E866417BD8C): 0
LogDevObjectVersion:   Dev-Core (375EC13C-06E4-48FB-B500-84F0262A717E): 2
LogDevObjectVersion:   Dev-Editor (E4B068ED-F494-42E9-A231-DA0B2E46BB41): 20
LogDevObjectVersion:   Dev-Framework (CFFC743F-43B0-4480-9391-14DF171D2073): 30
LogDevObjectVersion:   Dev-Mobile (B02B49B5-BB20-44E9-A304-32B752E40360): 0
LogDevObjectVersion:   Dev-Networking (A4E4105C-59A1-49B5-A7C5-40C4547EDFEE): 0
LogDevObjectVersion:   Dev-Online (39C831C9-5AE6-47DC-9A44-9C173E1C8E7C): 0
LogDevObjectVersion:   Dev-Physics (78F01B33-EBEA-4F98-B9B4-84EACCB95AA2): 0
LogDevObjectVersion:   Dev-Platform (6631380F-2D4D-43E0-8009-CF276956A95A): 0
LogDevObjectVersion:   Dev-Rendering (12F88B9F-8875-4AFC-A67C-D90C383ABD29): 20
LogDevObjectVersion:   Dev-Sequencer (7B5AE74C-D270-4C10-A958-57980B212A5A): 4
LogDevObjectVersion:   Dev-VR (D7296918-1DD6-4BDD-9DE2-64A83CC13884): 0
LogDevObjectVersion:   Dev-LoadTimes (C2A15278-BFE7-4AFE-6C17-90FF531DF755): 1
LogDevObjectVersion:   Private-Geometry (6EACA3D4-40EC-4CC1-B786-8BED09428FC5): 1
LogDevObjectVersion:   Dev-AnimPhys (29E575DD-E0A3-4627-9D10-D276232CDCEA): 12
LogInit: Compiled (64-bit): Dec  8 2017 02:07:47
LogInit: Compiled with Visual C++: 19.00.24215.01
LogInit: Build Configuration: Development
LogInit: Branch Name: ++UE4+Release-4.18
LogInit: Command line:  
LogInit: Base directory: J:/UnrealEngineProjects/SimsGame1/winPak/WindowsNoEditor/SimsGame1/Binaries/Win64/
LogInit: Installed Engine Build: 0
LogInit: Presizing for max 2097152 objects, including 0 objects not considered by GC, pre-allocating 0 bytes for permanent pool.
LogStreaming: Display: Async Loading initialized: Event Driven Loader: true, Async Loading Thread: false
LogInit: Object subsystem initialized
[2017.12.15-10.27.23:278][  0]LogInit: Selected Device Profile: [WindowsNoEditor]
[2017.12.15-10.27.23:278][  0]LogInit: Applying CVar settings loaded from the selected device profile: [WindowsNoEditor]
[2017.12.15-10.27.23:297][  0]LogInit: Computer: XUHUIJIEWORKPC
[2017.12.15-10.27.23:297][  0]LogInit: User: Administrator
[2017.12.15-10.27.23:297][  0]LogInit: CPU Page size=4096, Cores=2
[2017.12.15-10.27.23:297][  0]LogInit: High frequency timer resolution =3.312641 MHz
[2017.12.15-10.27.23:299][  0]LogMemory: Memory total: Physical=7.9GB (8GB approx)
[2017.12.15-10.27.23:299][  0]LogMemory: Platform Memory Stats for WindowsNoEditor
[2017.12.15-10.27.23:299][  0]LogMemory: Process Physical Memory: 126.93 MB used, 126.93 MB peak
[2017.12.15-10.27.23:299][  0]LogMemory: Process Virtual Memory: 144.43 MB used, 144.43 MB peak
[2017.12.15-10.27.23:299][  0]LogMemory: Physical Memory: 5037.43 MB used,  3089.65 MB free, 8127.07 MB total
[2017.12.15-10.27.23:299][  0]LogMemory: Virtual Memory: 365.73 MB used,  3089.65 MB free, 134217728.00 MB total
[2017.12.15-10.27.23:524][  0]LogInit: Using OS detected language (zh-CN).
[2017.12.15-10.27.23:524][  0]LogInit: Using OS detected locale (zh-CN).
[2017.12.15-10.27.23:525][  0]LogTextLocalizationManager: No localization for 'zh-CN' exists, so 'en' will be used for the language.
[2017.12.15-10.27.23:525][  0]LogTextLocalizationManager: No localization for 'zh-CN' exists, so 'en' will be used for the locale.
[2017.12.15-10.27.23:812][  0]LogD3D11RHI: D3D11 adapters:
[2017.12.15-10.27.24:047][  0]LogD3D11RHI:    0. 'NVIDIA GeForce GTX 1050 Ti' (Feature Level 11_0)
[2017.12.15-10.27.24:047][  0]LogD3D11RHI:       4029/0/4063 MB DedicatedVideo/DedicatedSystem/SharedSystem, Outputs:1, VendorId:0x10de
[2017.12.15-10.27.24:050][  0]LogD3D11RHI:    1. 'Microsoft Basic Render Driver' (Feature Level 11_0)
[2017.12.15-10.27.24:050][  0]LogD3D11RHI:       0/0/4063 MB DedicatedVideo/DedicatedSystem/SharedSystem, Outputs:0, VendorId:0x1414
[2017.12.15-10.27.24:050][  0]LogD3D11RHI: Chosen D3D11 Adapter: 0
[2017.12.15-10.27.24:058][  0]LogD3D11RHI: Creating new Direct3DDevice
[2017.12.15-10.27.24:058][  0]LogD3D11RHI:     GPU DeviceId: 0x1c82 (for the marketing name, search the web for "GPU Device Id")
[2017.12.15-10.27.24:058][  0]LogWindows: EnumDisplayDevices:
[2017.12.15-10.27.24:059][  0]LogWindows:    0. 'NVIDIA GeForce GTX 1050 Ti' (P:1 D:1)
[2017.12.15-10.27.24:060][  0]LogWindows:    1. 'NVIDIA GeForce GTX 1050 Ti' (P:0 D:0)
[2017.12.15-10.27.24:061][  0]LogWindows:    2. 'NVIDIA GeForce GTX 1050 Ti' (P:0 D:0)
[2017.12.15-10.27.24:062][  0]LogWindows:    3. 'NVIDIA GeForce GTX 1050 Ti' (P:0 D:0)
[2017.12.15-10.27.24:063][  0]LogWindows: DebugString: FoundDriverCount:4 
[2017.12.15-10.27.24:063][  0]LogD3D11RHI:     Adapter Name: NVIDIA GeForce GTX 1050 Ti
[2017.12.15-10.27.24:063][  0]LogD3D11RHI:   Driver Version: 388.13 (internal:23.21.13.8813, unified:388.13)
[2017.12.15-10.27.24:063][  0]LogD3D11RHI:      Driver Date: 10-27-2017
[2017.12.15-10.27.24:064][  0]LogRHI: Texture pool is 2820 MB (70% of 4029 MB)
[2017.12.15-10.27.24:109][  0]LogD3D11RHI: Async texture creation enabled
[2017.12.15-10.27.24:859][  0]LogD3D11RHI: GPU Timing Frequency: 1000.000000 (Debug: 2 1)
[2017.12.15-10.27.25:036][  0]LogMaterial: Verifying Global Shaders for PCD3D_SM5
[2017.12.15-10.27.25:108][  0]LogSlate: Using Freetype 2.6.0
[2017.12.15-10.27.25:157][  0]LogSlate: SlateFontCache - WITH_FREETYPE: 1, WITH_HARFBUZZ: 1
[2017.12.15-10.27.25:157][  0]LogSlate: SlateFontCache - WITH_FREETYPE: 1, WITH_HARFBUZZ: 1
[2017.12.15-10.27.25:353][  0]LogAssetRegistry: FAssetRegistry took 0.0695 seconds to start up
[2017.12.15-10.27.26:132][  0]LogPackageLocalizationCache: Processed 10 localized package path(s) for 1 prioritized culture(s) in 0.011895 seconds
[2017.12.15-10.27.26:139][  0]LogPakFile: New pak file ../../../SimsGame1/Content/Paks/SimsGame1-WindowsNoEditor.pak added to pak precacher.
[2017.12.15-10.27.26:189][  0]LogInit: Selected Device Profile: [WindowsNoEditor]
[2017.12.15-10.27.26:656][  0]LogNetVersion: SimsGame1 , NetCL: 3709383, EngineNetVer: 2, GameNetVer: 0 (Checksum: 1310634014)
[2017.12.15-10.27.27:394][  0]LogInit: WinSock: version 1.1 (2.2), MaxSocks=32767, MaxUdp=65467
[2017.12.15-10.27.27:567][  0]LogMoviePlayer: Initializing movie player
[2017.12.15-10.27.27:873][  0]LogGameAnalyticsAnalytics: Display: FAnalyticsGameAnalytics Constructor
[2017.12.15-10.27.27:883][  0]LogTemp: Warning: {S}:: Initializing Secure-Client Plugin [Anti-Cheat].
[2017.12.15-10.27.27:908][  0]LogAndroidPermission: UAndroidPermissionCallbackProxy::GetInstance
[2017.12.15-10.27.27:922][  0]LogOcInput: OculusInput pre-init called
[2017.12.15-10.27.27:962][  0]LogUObjectArray: 37826 objects as part of root set at end of initial load.
[2017.12.15-10.27.27:962][  0]LogUObjectAllocator: 6794864 out of 0 bytes used by permanent object pool.
[2017.12.15-10.27.27:962][  0]LogUObjectArray: CloseDisregardForGC: 0/0 objects in disregard for GC pool
[2017.12.15-10.27.28:030][  0]LogEngine: Initializing Engine...
[2017.12.15-10.27.28:057][  0]LogHMD: Failed to initialize OpenVR with code 110
[2017.12.15-10.27.28:499][  0]LogStats: UGameplayTagsManager::ConstructGameplayTagTree: Construct from data asset -  0.000 s
[2017.12.15-10.27.28:500][  0]LogStats: UGameplayTagsManager::ConstructGameplayTagTree: GameplayTagTreeChangedEvent.Broadcast -  0.000 s
[2017.12.15-10.27.28:674][  0]LogInit: XAudio2 using '扬声器 (Realtek High Definition Audio)' : 2 channels at 48 kHz using 32 bits per sample (channel mask 0x3)
[2017.12.15-10.27.28:809][  0]LogInit: FAudioDevice initialized.
[2017.12.15-10.27.28:837][  0]LogInit: Texture streaming: Enabled
[2017.12.15-10.27.29:449][  0]LogInit: Display: Game Engine Initialized.
[2017.12.15-10.27.29:452][  0]LogGameplayTags: Display: UGameplayTagsManager::DoneAddingNativeTags. DelegateIsBound: 0
[2017.12.15-10.27.29:490][  0]LogInit: Display: Starting Game.
[2017.12.15-10.27.29:492][  0]LogNet: Browse: /Game/场景/捏人场景?Name=Player
[2017.12.15-10.27.29:503][  0]LogLoad: LoadMap: /Game/场景/捏人场景?Name=Player
[2017.12.15-10.27.30:522][  0]LogAIModule: Creating AISystem for world 捏人场景
[2017.12.15-10.27.30:543][  0]LogLoad: Game class is '游戏模式_C'
[2017.12.15-10.27.30:878][  0]LogSkeletalMesh: USkeletalMeshComponent::InitArticulated : Could not find root physics body: '/Game/场景/捏人场景.捏人场景:PersistentLevel.角色基础蓝图类_2.CharacterMesh0'
[2017.12.15-10.27.30:882][  0]LogWorld: Bringing World /Game/场景/捏人场景.捏人场景 up for play (max tick rate 0) at 2017.12.15-18.27.30
[2017.12.15-10.27.30:911][  0]LogWorld: Bringing up level for play took: 0.342944
[2017.12.15-10.27.31:000][  0]LogGameMode: Display: Match State Changed from EnteringMap to WaitingToStart
[2017.12.15-10.27.31:000][  0]LogGameState: Match State Changed from EnteringMap to WaitingToStart
[2017.12.15-10.27.31:000][  0]LogGameMode: Display: Match State Changed from WaitingToStart to InProgress
[2017.12.15-10.27.31:022][  0]LogUMG: Display: Widget Class 捏脸界面_C - Loaded Fast Template.
[2017.12.15-10.27.31:140][  0]LogUMG: Display: Widget Class 菜单项目按钮_C - Loaded Fast Template.
[2017.12.15-10.27.31:161][  0]LogGameState: Match State Changed from WaitingToStart to InProgress
[2017.12.15-10.27.31:172][  0]LogLoad: Took 1.669331 seconds to LoadMap(/Game/场景/捏人场景)
[2017.12.15-10.27.31:252][  0]LogSlate: Took 0.013109 seconds to synchronously load lazily loaded font '../../../Engine/Content/EngineFonts/Faces/RobotoBold.ufont' (160K)
[2017.12.15-10.27.31:290][  0]LogSlate: Took 0.037952 seconds to synchronously load lazily loaded font '../../../Engine/Content/Slate/Fonts/DroidSansFallback.ttf' (3848K)
[2017.12.15-10.27.31:464][  0]LogLoad: (Engine Initialization) Total time: 9.84 seconds
[2017.12.15-10.27.31:468][  0]LogExternalProfiler: No external profilers were discovered.  External profiling features will not be available.
[2017.12.15-10.27.31:521][  0]LogRenderer: Reallocating scene render targets to support 1920x1080 Format 10 NumSamples 1 (Frame:1).
[2017.12.15-10.27.31:845][  0]LogContentStreaming: Texture pool size now 1000 MB
[2017.12.15-10.30.19:825][396]LogBlueprintUserMessages: [菜单项目按钮_C_9] 按下了按钮：9
[2017.12.15-10.30.19:891][396]LogSlate: Took 0.011912 seconds to synchronously load lazily loaded font '../../../Engine/Content/EngineFonts/Faces/RobotoRegular.ufont' (155K)
[2017.12.15-10.30.20:521][434]LogBlueprintUserMessages: [菜单项目按钮_C_10] 按下了按钮：10
[2017.12.15-10.30.21:037][466]LogBlueprintUserMessages: [菜单项目按钮_C_12] 按下了按钮：1
[2017.12.15-10.30.21:538][497]LogBlueprintUserMessages: [菜单项目按钮_C_13] 按下了按钮：2
[2017.12.15-10.30.22:699][569]LogBlueprintUserMessages: [菜单项目按钮_C_8] 按下了按钮：8
[2017.12.15-10.30.23:134][596]LogBlueprintUserMessages: [菜单项目按钮_C_10] 按下了按钮：10
[2017.12.15-10.30.23:941][646]LogBlueprintUserMessages: [菜单项目按钮_C_8] 按下了按钮：8
[2017.12.15-10.30.24:376][673]LogBlueprintUserMessages: [菜单项目按钮_C_10] 按下了按钮：10
[2017.12.15-10.30.25:102][718]LogBlueprintUserMessages: [菜单项目按钮_C_8] 按下了按钮：8
[2017.12.15-10.30.37:993][517]LogSlate: Request Window 'SimsGame1 (64-bit, PCD3D_SM5)' being destroyed
[2017.12.15-10.30.38:054][517]LogSlate: Window 'SimsGame1 (64-bit, PCD3D_SM5)' being destroyed
[2017.12.15-10.30.38:123][517]LogWindowsTextInputMethodSystem: Display: IME system now activated using TSF (搜狗拼音输入法).
[2017.12.15-10.30.38:124][517]LogWindowsTextInputMethodSystem: Display: IME system now activated using TSF (搜狗拼音输入法).
[2017.12.15-10.30.38:216][517]LogWindowsTextInputMethodSystem: Display: IME system now activated using TSF (搜狗拼音输入法).
[2017.12.15-10.30.38:216][517]LogWindowsTextInputMethodSystem: Display: IME system now activated using TSF (搜狗拼音输入法).
[2017.12.15-10.30.38:274][517]LogEngine: All Windows Closed
[2017.12.15-10.30.38:274][517]LogWindows: FPlatformMisc::RequestExit(0)
[2017.12.15-10.30.39:193][518]LogExit: Preparing to exit.
[2017.12.15-10.30.39:200][518]LogMoviePlayer: Shutting down movie player
[2017.12.15-10.30.39:331][518]LogExit: Game engine shut down
[2017.12.15-10.30.39:483][518]LogExit: Object subsystem successfully closed.
[2017.12.15-10.30.39:592][518]LogD3D11RHI: Shutdown
[2017.12.15-10.30.39:592][518]LogD3D11RHI: CleanupD3DDevice
[2017.12.15-10.30.39:606][518]LogD3D11RHI: ~FD3D11DynamicRHI
[2017.12.15-10.30.39:621][518]LogModuleManager: Shutting down and abandoning module AutomationController (186)
[2017.12.15-10.30.39:621][518]LogModuleManager: Shutting down and abandoning module AutomationWorker (184)
[2017.12.15-10.30.39:622][518]LogModuleManager: Shutting down and abandoning module AIModule (182)
[2017.12.15-10.30.39:622][518]LogModuleManager: Shutting down and abandoning module GameplayDebugger (181)
[2017.12.15-10.30.39:622][518]LogModuleManager: Shutting down and abandoning module WmfMediaFactory (178)
[2017.12.15-10.30.39:622][518]LogModuleManager: Shutting down and abandoning module OpenExrWrapper (176)
[2017.12.15-10.30.39:622][518]LogModuleManager: Shutting down and abandoning module ImgMediaFactory (174)
[2017.12.15-10.30.39:622][518]LogModuleManager: Shutting down and abandoning module AvfMediaFactory (172)
[2017.12.15-10.30.39:622][518]LogModuleManager: Shutting down and abandoning module CharacterAI (170)
[2017.12.15-10.30.39:622][518]LogModuleManager: Shutting down and abandoning module SessionServices (168)
[2017.12.15-10.30.39:622][518]LogModuleManager: Shutting down and abandoning module MovieSceneTracks (166)
[2017.12.15-10.30.39:622][518]LogModuleManager: Shutting down and abandoning module MovieScene (164)
[2017.12.15-10.30.39:622][518]LogModuleManager: Shutting down and abandoning module GeometryCache (162)
[2017.12.15-10.30.39:622][518]LogModuleManager: Shutting down and abandoning module StreamingPauseRendering (160)
[2017.12.15-10.30.39:622][518]LogModuleManager: Shutting down and abandoning module AnalyticsET (158)
[2017.12.15-10.30.39:622][518]LogModuleManager: Shutting down and abandoning module ProfilerService (156)
[2017.12.15-10.30.39:777][518]LogModuleManager: Shutting down and abandoning module TaskGraph (154)
[2017.12.15-10.30.39:792][518]LogModuleManager: Shutting down and abandoning module SteamVRController (152)
[2017.12.15-10.30.39:792][518]LogModuleManager: Shutting down and abandoning module ProceduralMeshComponent (150)
[2017.12.15-10.30.39:792][518]LogModuleManager: Shutting down and abandoning module OculusInput (148)
[2017.12.15-10.30.39:792][518]LogModuleManager: Shutting down and abandoning module MobilePatchingUtils (146)
[2017.12.15-10.30.39:792][518]LogModuleManager: Shutting down and abandoning module CustomMeshComponent (144)
[2017.12.15-10.30.39:792][518]LogModuleManager: Shutting down and abandoning module CableComponent (142)
[2017.12.15-10.30.39:792][518]LogModuleManager: Shutting down and abandoning module ArchVisCharacter (140)
[2017.12.15-10.30.39:792][518]LogModuleManager: Shutting down and abandoning module AndroidPermission (138)
[2017.12.15-10.30.39:792][518]LogModuleManager: Shutting down and abandoning module ActorSequence (134)
[2017.12.15-10.30.39:792][518]LogModuleManager: Shutting down and abandoning module MediaCompositing (132)
[2017.12.15-10.30.39:792][518]LogModuleManager: Shutting down and abandoning module HTML5Networking (130)
[2017.12.15-10.30.39:792][518]LogModuleManager: Shutting down and abandoning module HorizonTween (128)
[2017.12.15-10.30.39:792][518]LogModuleManager: Shutting down and abandoning module HorizonUI (126)
[2017.12.15-10.30.39:793][518]LogModuleManager: Shutting down and abandoning module SimsGame1 (124)
[2017.12.15-10.30.39:793][518]LogModuleManager: Shutting down and abandoning module RuntimePhysXCooking (122)
[2017.12.15-10.30.39:793][518]LogModuleManager: Shutting down and abandoning module PhysXVehicles (120)
[2017.12.15-10.30.39:793][518]LogModuleManager: Shutting down and abandoning module LocationServicesBPLibrary (118)
[2017.12.15-10.30.39:793][518]LogModuleManager: Shutting down and abandoning module ImmediatePhysics (116)
[2017.12.15-10.30.39:793][518]LogModuleManager: Shutting down and abandoning module UdpMessaging (114)
[2017.12.15-10.30.39:794][518]LogModuleManager: Shutting down and abandoning module TcpMessaging (112)
[2017.12.15-10.30.39:794][518]LogModuleManager: Shutting down and abandoning module FacialAnimation (110)
[2017.12.15-10.30.39:794][518]LogModuleManager: Shutting down and abandoning module LightPropagationVolumeRuntime (108)
[2017.12.15-10.30.39:794][518]LogModuleManager: Shutting down and abandoning module SCUE4 (106)
[2017.12.15-10.30.39:795][518]LogModuleManager: Shutting down and abandoning module LowEntryJson (104)
[2017.12.15-10.30.39:795][518]LogModuleManager: Shutting down and abandoning module LowEntryExtendedStandardLibrary (102)
[2017.12.15-10.30.39:795][518]LogModuleManager: Shutting down and abandoning module LowEntryHttpRequest (100)
[2017.12.15-10.30.39:795][518]LogModuleManager: Shutting down and abandoning module Paper2D (98)
[2017.12.15-10.30.39:795][518]LogModuleManager: Shutting down and abandoning module GameAnalytics (96)
[2017.12.15-10.30.39:795][518]LogModuleManager: Shutting down and abandoning module WindowsMoviePlayer (94)
[2017.12.15-10.30.39:799][518]LogModuleManager: Shutting down and abandoning module WmfMedia (92)
[2017.12.15-10.30.39:800][518]LogModuleManager: Shutting down and abandoning module ImgMedia (90)
[2017.12.15-10.30.39:800][518]LogModuleManager: Shutting down and abandoning module ConfigBPPlugin (88)
[2017.12.15-10.30.39:800][518]LogModuleManager: Shutting down and abandoning module PacketHandler (86)
[2017.12.15-10.30.39:800][518]LogModuleManager: Shutting down and abandoning module ClothingSystemRuntime (84)
[2017.12.15-10.30.39:812][518]LogModuleManager: Shutting down and abandoning module MediaAssets (82)
[2017.12.15-10.30.39:812][518]LogModuleManager: Shutting down and abandoning module Overlay (80)
[2017.12.15-10.30.39:812][518]LogModuleManager: Shutting down and abandoning module UMG (78)
[2017.12.15-10.30.39:812][518]LogModuleManager: Shutting down and abandoning module SlateReflector (76)
[2017.12.15-10.30.39:822][518]LogModuleManager: Shutting down and abandoning module Slate (74)
[2017.12.15-10.30.39:822][518]LogModuleManager: Shutting down and abandoning module MRMesh (72)
[2017.12.15-10.30.39:822][518]LogModuleManager: Shutting down and abandoning module Messaging (70)
[2017.12.15-10.30.39:822][518]LogModuleManager: Shutting down and abandoning module HeadMountedDisplay (68)
[2017.12.15-10.30.39:822][518]LogModuleManager: Shutting down and abandoning module XAudio2 (66)
[2017.12.15-10.30.39:822][518]LogModuleManager: Shutting down and abandoning module Networking (64)
[2017.12.15-10.30.39:822][518]LogModuleManager: Shutting down and abandoning module Core (60)
[2017.12.15-10.30.39:822][518]LogModuleManager: Shutting down and abandoning module LevelSequence (58)
[2017.12.15-10.30.39:822][518]LogModuleManager: Shutting down and abandoning module Media (56)
[2017.12.15-10.30.39:828][518]LogModuleManager: Shutting down and abandoning module ImageWrapper (52)
[2017.12.15-10.30.39:829][518]LogModuleManager: Shutting down and abandoning module InputCore (50)
[2017.12.15-10.30.39:829][518]LogModuleManager: Shutting down and abandoning module PhysXCooking (48)
[2017.12.15-10.30.39:829][518]LogModuleManager: Shutting down and abandoning module SteamVR (46)
[2017.12.15-10.30.39:829][518]LogModuleManager: Shutting down and abandoning module OculusHMD (44)
[2017.12.15-10.30.39:835][518]LogModuleManager: Shutting down and abandoning module ExampleDeviceProfileSelector (42)
[2017.12.15-10.30.39:835][518]LogModuleManager: Shutting down and abandoning module AppleARKit (40)
[2017.12.15-10.30.39:835][518]LogModuleManager: Shutting down and abandoning module AugmentedReality (39)
[2017.12.15-10.30.39:835][518]LogModuleManager: Shutting down and abandoning module OnlineSubsystem (34)
[2017.12.15-10.30.39:840][518]LogModuleManager: Shutting down and abandoning module HTTP (33)
[2017.12.15-10.30.39:840][518]LogHttp: Display: Http module shutting down, but needs to wait on 1 outstanding Http requests:
[2017.12.15-10.30.39:840][518]LogHttp: Display: 	verb=[POST] url=[https://datarouter.ol.epicgames.com/datarouter/api/v1/public/data?SessionID=%7B863D34C4-4424-C1E0-CE3A-1EA32F0DF741%7D&AppID=UEGame.Rocket.Release%7C420DF51249E9ADC1CE05379BC054F90B%7CUE4Game&AppVersion=4.18.2-3794801%2B%2B%2BUE4%2BRelease-4.18&UserID=ANON-%7BD5506849-4618-867C-C91D-98B48500E7AA%7D%7C%7C&AppEnvironment=datacollector-binary&UploadType=eteventstream] status=Processing
[2017.12.15-10.30.39:859][518]LogModuleManager: Shutting down and abandoning module SSL (32)
[2017.12.15-10.30.39:859][518]LogModuleManager: Shutting down and abandoning module ShaderCore (28)
[2017.12.15-10.30.39:859][518]LogModuleManager: Shutting down and abandoning module Landscape (26)
[2017.12.15-10.30.39:859][518]LogModuleManager: Shutting down and abandoning module SlateRHIRenderer (24)
[2017.12.15-10.30.39:865][518]LogModuleManager: Shutting down and abandoning module OpenGLDrv (22)
[2017.12.15-10.30.39:866][518]LogModuleManager: Shutting down and abandoning module D3D11RHI (20)
[2017.12.15-10.30.39:866][518]LogModuleManager: Shutting down and abandoning module AnimGraphRuntime (18)
[2017.12.15-10.30.39:866][518]LogModuleManager: Shutting down and abandoning module Renderer (16)
[2017.12.15-10.30.39:866][518]LogModuleManager: Shutting down and abandoning module Engine (14)
[2017.12.15-10.30.39:866][518]LogModuleManager: Shutting down and abandoning module CoreUObject (12)
[2017.12.15-10.30.39:866][518]LogModuleManager: Shutting down and abandoning module NetworkFile (10)
[2017.12.15-10.30.39:866][518]LogModuleManager: Shutting down and abandoning module CookedIterativeFile (8)
[2017.12.15-10.30.39:866][518]LogModuleManager: Shutting down and abandoning module StreamingFile (6)
[2017.12.15-10.30.39:871][518]LogModuleManager: Shutting down and abandoning module SandboxFile (4)
[2017.12.15-10.30.39:871][518]LogModuleManager: Shutting down and abandoning module PakFile (2)
[2017.12.15-10.30.39:874][518]LogExit: Exiting.
[2017.12.15-10.30.39:884][518]Log file closed, 12/15/17 18:30:39
